info it worked if it ends with ok
verbose cli [ 'node', '/usr/local/bin/npm', 'install' ]
info using npm@1.1.21
info using node@v0.6.17
verbose config file /home/tom/.npmrc
verbose config file /usr/local/etc/npmrc
verbose config file /usr/local/lib/node_modules/npm/npmrc
verbose caching /home/tom/projects/chatroom/package.json
verbose loadDefaults chatroom@0.0.1
verbose readDependencies: using package.json deps
verbose where, deps [ '/home/tom/projects/chatroom', [ 'express', 'socket.io' ] ]
verbose from cache /home/tom/projects/chatroom/package.json
info preinstall chatroom@0.0.1
verbose caching /home/tom/projects/chatroom/node_modules/express/package.json
verbose caching /home/tom/projects/chatroom/node_modules/socket.io/package.json
verbose from cache /home/tom/projects/chatroom/package.json
verbose readDependencies: using package.json deps
verbose from cache /home/tom/projects/chatroom/node_modules/express/package.json
verbose from cache /home/tom/projects/chatroom/node_modules/socket.io/package.json
verbose cache add [ 'express@2.5.8', null ]
silly cache add: name, spec, args [ undefined, 'express@2.5.8', [ 'express@2.5.8', null ] ]
verbose parsed url { pathname: 'express@2.5.8',
verbose parsed url   path: 'express@2.5.8',
verbose parsed url   href: 'express@2.5.8' }
silly cache add: name, spec, args [ 'express', '2.5.8', [ 'express', '2.5.8' ] ]
verbose parsed url { pathname: '2.5.8', path: '2.5.8', href: '2.5.8' }
verbose addNamed [ 'express', '2.5.8' ]
verbose addNamed [ '2.5.8', '2.5.8' ]
verbose already installed in /home/tom/projects/chatroom skipping socket.io@0.9.6
verbose raw, before any munging express/2.5.8
verbose url resolving [ 'https://registry.npmjs.org/', './express/2.5.8' ]
verbose url resolved https://registry.npmjs.org/express/2.5.8
verbose etag "ANJNZNS5QD2LRFAR9GMS7KT2Q"
http GET https://registry.npmjs.org/express/2.5.8
http 304 https://registry.npmjs.org/express/2.5.8
silly get cb [ 304,
silly get cb   { server: 'CouchDB/1.2.0 (Erlang OTP/R15B)',
silly get cb     etag: '"ANJNZNS5QD2LRFAR9GMS7KT2Q"',
silly get cb     date: 'Wed, 09 May 2012 21:25:23 GMT',
silly get cb     'content-length': '0' } ]
verbose etag express/2.5.8 from cache
verbose bin dist [ '0.6-ares1.7.5-DEV-evundefined-openssl0.9.8o-v83.6.6.25-linux-ia32-2.6.35-32-generic',
verbose bin dist   { shasum: 'f166b55d4e8c6d2307ef88ad1768209613f7452a',
verbose bin dist     tarball: 'http://registry.npmjs.org/express/-/express-2.5.8.tgz' } ]
verbose caching /home/tom/.npm/express/2.5.8/package/package.json
verbose loadDefaults express@2.5.8
silly resolved [ { name: 'express',
silly resolved     description: 'Sinatra inspired web development framework',
silly resolved     version: '2.5.8',
silly resolved     author: { name: 'TJ Holowaychuk', email: 'tj@vision-media.ca' },
silly resolved     contributors: 
silly resolved      [ { name: 'TJ Holowaychuk', email: 'tj@vision-media.ca' },
silly resolved        { name: 'Aaron Heckmann',
silly resolved          email: 'aaron.heckmann+github@gmail.com' },
silly resolved        { name: 'Ciaran Jessup', email: 'ciaranj@gmail.com' },
silly resolved        { name: 'Guillermo Rauch', email: 'rauchg@gmail.com' } ],
silly resolved     dependencies: { connect: '1.x', mime: '1.2.4', qs: '0.4.x', mkdirp: '0.3.0' },
silly resolved     devDependencies: 
silly resolved      { 'connect-form': '0.2.1',
silly resolved        ejs: '0.4.2',
silly resolved        expresso: '0.9.2',
silly resolved        hamljs: '0.6.x',
silly resolved        jade: '0.16.2',
silly resolved        stylus: '0.13.0',
silly resolved        should: '0.3.2',
silly resolved        'express-messages': '0.0.2',
silly resolved        'node-markdown': '>= 0.0.1',
silly resolved        'connect-redis': '>= 0.0.1' },
silly resolved     keywords: [ 'framework', 'sinatra', 'web', 'rest', 'restful' ],
silly resolved     repository: { type: 'git', url: 'git://github.com/visionmedia/express.git' },
silly resolved     main: 'index',
silly resolved     bin: { express: './bin/express' },
silly resolved     scripts: { test: 'make test', prepublish: 'npm prune' },
silly resolved     engines: { node: '>= 0.4.1 < 0.7.0' },
silly resolved     _id: 'express@2.5.8',
silly resolved     optionalDependencies: {},
silly resolved     _engineSupported: true,
silly resolved     _npmVersion: '1.1.21',
silly resolved     _nodeVersion: 'v0.6.17',
silly resolved     _defaultsLoaded: true,
silly resolved     _from: 'express@2.5.8' } ]
info into /home/tom/projects/chatroom express@2.5.8
info installOne express@2.5.8
verbose from cache /home/tom/.npm/express/2.5.8/package/package.json
info unbuild /home/tom/projects/chatroom/node_modules/express
verbose from cache /home/tom/projects/chatroom/node_modules/express/package.json
info preuninstall express@2.5.9
info uninstall express@2.5.9
verbose unbuild express@2.5.9 [ true,
verbose unbuild express@2.5.9   '/home/tom/projects/chatroom/node_modules',
verbose unbuild express@2.5.9   '/home/tom/projects/chatroom/node_modules' ]
verbose binRoot [ '/home/tom/projects/chatroom/node_modules/.bin',
verbose binRoot   { express: './bin/express' } ]
info unbuild /home/tom/projects/chatroom/node_modules/express
verbose caching /home/tom/projects/chatroom/node_modules/express/package.json
info preuninstall express@2.5.9
info uninstall express@2.5.9
verbose unbuild express@2.5.9 [ true,
verbose unbuild express@2.5.9   '/home/tom/projects/chatroom/node_modules',
verbose unbuild express@2.5.9   '/home/tom/projects/chatroom/node_modules' ]
verbose binRoot [ '/home/tom/projects/chatroom/node_modules/.bin',
verbose binRoot   { express: './bin/express' } ]
ERR! error rolling back express@2.5.8 Error: EACCES, unlink '/home/tom/projects/chatroom/node_modules/.bin/express'
ERR! Error: EACCES, unlink '/home/tom/projects/chatroom/node_modules/.bin/express'
ERR! 
ERR! Please try running this command again as root/Administrator.
ERR! 
ERR! System Linux 2.6.35-32-generic
ERR! command "node" "/usr/local/bin/npm" "install"
ERR! cwd /home/tom/projects/chatroom
ERR! node -v v0.6.17
ERR! npm -v 1.1.21
ERR! path /home/tom/projects/chatroom/node_modules/.bin/express
ERR! code EACCES
ERR! message EACCES, unlink '/home/tom/projects/chatroom/node_modules/.bin/express'
ERR! errno {}
verbose exit [ 1, true ]
